<?xml version="1.0" encoding="UTF-8"?>
<testng-results skipped="0" failed="0" ignored="0" total="12" passed="12">
  <reporter-output>
  </reporter-output>
  <suite name="Default suite" duration-ms="188962" started-at="2018-08-02T23:22:01Z" finished-at="2018-08-02T23:25:10Z">
    <groups>
    </groups>
    <test name="Default test" duration-ms="188962" started-at="2018-08-02T23:22:01Z" finished-at="2018-08-02T23:25:10Z">
      <class name="com.ebay.qa.testset.HomePageTest">
        <test-method status="PASS" signature="setUp()[pri:0, instance:com.ebay.qa.testset.HomePageTest@53b32d7]" name="setUp" is-config="true" duration-ms="16906" started-at="2018-08-02T23:22:01Z" finished-at="2018-08-02T23:22:18Z">
          <reporter-output>
          </reporter-output>
        </test-method> <!-- setUp -->
        <test-method status="PASS" signature="ValidateUsernameDisplayTest()[pri:1, instance:com.ebay.qa.testset.HomePageTest@53b32d7]" name="ValidateUsernameDisplayTest" duration-ms="239" started-at="2018-08-02T23:22:18Z" finished-at="2018-08-02T23:22:18Z">
          <reporter-output>
          </reporter-output>
        </test-method> <!-- ValidateUsernameDisplayTest -->
        <test-method status="PASS" signature="teardown()[pri:0, instance:com.ebay.qa.testset.HomePageTest@53b32d7]" name="teardown" is-config="true" duration-ms="372" started-at="2018-08-02T23:22:18Z" finished-at="2018-08-02T23:22:19Z">
          <reporter-output>
          </reporter-output>
        </test-method> <!-- teardown -->
        <test-method status="PASS" signature="setUp()[pri:0, instance:com.ebay.qa.testset.HomePageTest@53b32d7]" name="setUp" is-config="true" duration-ms="8423" started-at="2018-08-02T23:22:19Z" finished-at="2018-08-02T23:22:27Z">
          <reporter-output>
          </reporter-output>
        </test-method> <!-- setUp -->
        <test-method status="PASS" signature="ValidateSavedLinkTextTest()[pri:2, instance:com.ebay.qa.testset.HomePageTest@53b32d7]" name="ValidateSavedLinkTextTest" duration-ms="11350" started-at="2018-08-02T23:22:27Z" finished-at="2018-08-02T23:22:38Z">
          <reporter-output>
          </reporter-output>
        </test-method> <!-- ValidateSavedLinkTextTest -->
        <test-method status="PASS" signature="teardown()[pri:0, instance:com.ebay.qa.testset.HomePageTest@53b32d7]" name="teardown" is-config="true" duration-ms="358" started-at="2018-08-02T23:22:38Z" finished-at="2018-08-02T23:22:39Z">
          <reporter-output>
          </reporter-output>
        </test-method> <!-- teardown -->
        <test-method status="PASS" signature="setUp()[pri:0, instance:com.ebay.qa.testset.HomePageTest@53b32d7]" name="setUp" is-config="true" duration-ms="9633" started-at="2018-08-02T23:22:39Z" finished-at="2018-08-02T23:22:48Z">
          <reporter-output>
          </reporter-output>
        </test-method> <!-- setUp -->
        <test-method status="PASS" signature="ValidateFashionLinkTextTest()[pri:3, instance:com.ebay.qa.testset.HomePageTest@53b32d7]" name="ValidateFashionLinkTextTest" duration-ms="382" started-at="2018-08-02T23:22:48Z" finished-at="2018-08-02T23:22:49Z">
          <reporter-output>
          </reporter-output>
        </test-method> <!-- ValidateFashionLinkTextTest -->
        <test-method status="PASS" signature="teardown()[pri:0, instance:com.ebay.qa.testset.HomePageTest@53b32d7]" name="teardown" is-config="true" duration-ms="267" started-at="2018-08-02T23:22:49Z" finished-at="2018-08-02T23:22:49Z">
          <reporter-output>
          </reporter-output>
        </test-method> <!-- teardown -->
        <test-method status="PASS" signature="setUp()[pri:0, instance:com.ebay.qa.testset.HomePageTest@53b32d7]" name="setUp" is-config="true" duration-ms="9336" started-at="2018-08-02T23:22:49Z" finished-at="2018-08-02T23:22:58Z">
          <reporter-output>
          </reporter-output>
        </test-method> <!-- setUp -->
        <test-method status="PASS" signature="ValidateMotorsLinkTextTest()[pri:4, instance:com.ebay.qa.testset.HomePageTest@53b32d7]" name="ValidateMotorsLinkTextTest" duration-ms="373" started-at="2018-08-02T23:22:58Z" finished-at="2018-08-02T23:22:59Z">
          <reporter-output>
          </reporter-output>
        </test-method> <!-- ValidateMotorsLinkTextTest -->
        <test-method status="PASS" signature="teardown()[pri:0, instance:com.ebay.qa.testset.HomePageTest@53b32d7]" name="teardown" is-config="true" duration-ms="257" started-at="2018-08-02T23:22:59Z" finished-at="2018-08-02T23:22:59Z">
          <reporter-output>
          </reporter-output>
        </test-method> <!-- teardown -->
        <test-method status="PASS" signature="setUp()[pri:0, instance:com.ebay.qa.testset.HomePageTest@53b32d7]" name="setUp" is-config="true" duration-ms="8759" started-at="2018-08-02T23:22:59Z" finished-at="2018-08-02T23:23:08Z">
          <reporter-output>
          </reporter-output>
        </test-method> <!-- setUp -->
        <test-method status="PASS" signature="ValidateHomeGardenLinkTextTest()[pri:5, instance:com.ebay.qa.testset.HomePageTest@53b32d7]" name="ValidateHomeGardenLinkTextTest" duration-ms="9378" started-at="2018-08-02T23:23:08Z" finished-at="2018-08-02T23:23:17Z">
          <reporter-output>
          </reporter-output>
        </test-method> <!-- ValidateHomeGardenLinkTextTest -->
        <test-method status="PASS" signature="teardown()[pri:0, instance:com.ebay.qa.testset.HomePageTest@53b32d7]" name="teardown" is-config="true" duration-ms="290" started-at="2018-08-02T23:23:17Z" finished-at="2018-08-02T23:23:17Z">
          <reporter-output>
          </reporter-output>
        </test-method> <!-- teardown -->
        <test-method status="PASS" signature="setUp()[pri:0, instance:com.ebay.qa.testset.HomePageTest@53b32d7]" name="setUp" is-config="true" duration-ms="8758" started-at="2018-08-02T23:23:17Z" finished-at="2018-08-02T23:23:26Z">
          <reporter-output>
          </reporter-output>
        </test-method> <!-- setUp -->
        <test-method status="PASS" signature="ValidateElectronicsLinkTextTest()[pri:6, instance:com.ebay.qa.testset.HomePageTest@53b32d7]" name="ValidateElectronicsLinkTextTest" duration-ms="9749" started-at="2018-08-02T23:23:26Z" finished-at="2018-08-02T23:23:36Z">
          <reporter-output>
          </reporter-output>
        </test-method> <!-- ValidateElectronicsLinkTextTest -->
        <test-method status="PASS" signature="teardown()[pri:0, instance:com.ebay.qa.testset.HomePageTest@53b32d7]" name="teardown" is-config="true" duration-ms="350" started-at="2018-08-02T23:23:36Z" finished-at="2018-08-02T23:23:36Z">
          <reporter-output>
          </reporter-output>
        </test-method> <!-- teardown -->
        <test-method status="PASS" signature="setUp()[pri:0, instance:com.ebay.qa.testset.HomePageTest@53b32d7]" name="setUp" is-config="true" duration-ms="10256" started-at="2018-08-02T23:23:36Z" finished-at="2018-08-02T23:23:47Z">
          <reporter-output>
          </reporter-output>
        </test-method> <!-- setUp -->
        <test-method status="PASS" signature="ValidateSportsLinkTextTest()[pri:7, instance:com.ebay.qa.testset.HomePageTest@53b32d7]" name="ValidateSportsLinkTextTest" duration-ms="9332" started-at="2018-08-02T23:23:47Z" finished-at="2018-08-02T23:23:56Z">
          <reporter-output>
          </reporter-output>
        </test-method> <!-- ValidateSportsLinkTextTest -->
        <test-method status="PASS" signature="teardown()[pri:0, instance:com.ebay.qa.testset.HomePageTest@53b32d7]" name="teardown" is-config="true" duration-ms="153" started-at="2018-08-02T23:23:56Z" finished-at="2018-08-02T23:23:56Z">
          <reporter-output>
          </reporter-output>
        </test-method> <!-- teardown -->
        <test-method status="PASS" signature="setUp()[pri:0, instance:com.ebay.qa.testset.HomePageTest@53b32d7]" name="setUp" is-config="true" duration-ms="9902" started-at="2018-08-02T23:23:56Z" finished-at="2018-08-02T23:24:06Z">
          <reporter-output>
          </reporter-output>
        </test-method> <!-- setUp -->
        <test-method status="PASS" signature="ValidateLiquorGroceryLinkTextTest()[pri:8, instance:com.ebay.qa.testset.HomePageTest@53b32d7]" name="ValidateLiquorGroceryLinkTextTest" duration-ms="350" started-at="2018-08-02T23:24:06Z" finished-at="2018-08-02T23:24:06Z">
          <reporter-output>
          </reporter-output>
        </test-method> <!-- ValidateLiquorGroceryLinkTextTest -->
        <test-method status="PASS" signature="teardown()[pri:0, instance:com.ebay.qa.testset.HomePageTest@53b32d7]" name="teardown" is-config="true" duration-ms="323" started-at="2018-08-02T23:24:06Z" finished-at="2018-08-02T23:24:07Z">
          <reporter-output>
          </reporter-output>
        </test-method> <!-- teardown -->
        <test-method status="PASS" signature="setUp()[pri:0, instance:com.ebay.qa.testset.HomePageTest@53b32d7]" name="setUp" is-config="true" duration-ms="9715" started-at="2018-08-02T23:24:07Z" finished-at="2018-08-02T23:24:16Z">
          <reporter-output>
          </reporter-output>
        </test-method> <!-- setUp -->
        <test-method status="PASS" signature="ValidateHealthBeautyLinkTextTest()[pri:9, instance:com.ebay.qa.testset.HomePageTest@53b32d7]" name="ValidateHealthBeautyLinkTextTest" duration-ms="16287" started-at="2018-08-02T23:24:16Z" finished-at="2018-08-02T23:24:33Z">
          <reporter-output>
          </reporter-output>
        </test-method> <!-- ValidateHealthBeautyLinkTextTest -->
        <test-method status="PASS" signature="teardown()[pri:0, instance:com.ebay.qa.testset.HomePageTest@53b32d7]" name="teardown" is-config="true" duration-ms="145" started-at="2018-08-02T23:24:33Z" finished-at="2018-08-02T23:24:33Z">
          <reporter-output>
          </reporter-output>
        </test-method> <!-- teardown -->
        <test-method status="PASS" signature="setUp()[pri:0, instance:com.ebay.qa.testset.HomePageTest@53b32d7]" name="setUp" is-config="true" duration-ms="9950" started-at="2018-08-02T23:24:33Z" finished-at="2018-08-02T23:24:43Z">
          <reporter-output>
          </reporter-output>
        </test-method> <!-- setUp -->
        <test-method status="PASS" signature="ValidateToysMediaLinkTextTest()[pri:10, instance:com.ebay.qa.testset.HomePageTest@53b32d7]" name="ValidateToysMediaLinkTextTest" duration-ms="368" started-at="2018-08-02T23:24:43Z" finished-at="2018-08-02T23:24:43Z">
          <reporter-output>
          </reporter-output>
        </test-method> <!-- ValidateToysMediaLinkTextTest -->
        <test-method status="PASS" signature="teardown()[pri:0, instance:com.ebay.qa.testset.HomePageTest@53b32d7]" name="teardown" is-config="true" duration-ms="277" started-at="2018-08-02T23:24:43Z" finished-at="2018-08-02T23:24:43Z">
          <reporter-output>
          </reporter-output>
        </test-method> <!-- teardown -->
        <test-method status="PASS" signature="setUp()[pri:0, instance:com.ebay.qa.testset.HomePageTest@53b32d7]" name="setUp" is-config="true" duration-ms="8355" started-at="2018-08-02T23:24:43Z" finished-at="2018-08-02T23:24:52Z">
          <reporter-output>
          </reporter-output>
        </test-method> <!-- setUp -->
        <test-method status="PASS" signature="ValidateCollectablesLinkTextTest()[pri:11, instance:com.ebay.qa.testset.HomePageTest@53b32d7]" name="ValidateCollectablesLinkTextTest" duration-ms="278" started-at="2018-08-02T23:24:52Z" finished-at="2018-08-02T23:24:52Z">
          <reporter-output>
          </reporter-output>
        </test-method> <!-- ValidateCollectablesLinkTextTest -->
        <test-method status="PASS" signature="teardown()[pri:0, instance:com.ebay.qa.testset.HomePageTest@53b32d7]" name="teardown" is-config="true" duration-ms="227" started-at="2018-08-02T23:24:52Z" finished-at="2018-08-02T23:24:52Z">
          <reporter-output>
          </reporter-output>
        </test-method> <!-- teardown -->
        <test-method status="PASS" signature="setUp()[pri:0, instance:com.ebay.qa.testset.HomePageTest@53b32d7]" name="setUp" is-config="true" duration-ms="7971" started-at="2018-08-02T23:24:52Z" finished-at="2018-08-02T23:25:00Z">
          <reporter-output>
          </reporter-output>
        </test-method> <!-- setUp -->
        <test-method status="PASS" signature="ValidateDealsLinkTextTest()[pri:12, instance:com.ebay.qa.testset.HomePageTest@53b32d7]" name="ValidateDealsLinkTextTest" duration-ms="9413" started-at="2018-08-02T23:25:00Z" finished-at="2018-08-02T23:25:10Z">
          <reporter-output>
          </reporter-output>
        </test-method> <!-- ValidateDealsLinkTextTest -->
        <test-method status="PASS" signature="teardown()[pri:0, instance:com.ebay.qa.testset.HomePageTest@53b32d7]" name="teardown" is-config="true" duration-ms="390" started-at="2018-08-02T23:25:10Z" finished-at="2018-08-02T23:25:10Z">
          <reporter-output>
          </reporter-output>
        </test-method> <!-- teardown -->
      </class> <!-- com.ebay.qa.testset.HomePageTest -->
    </test> <!-- Default test -->
  </suite> <!-- Default suite -->
</testng-results>
